
#**** LOG Errors Start ****#
ERROR: package name:CD42(43)  Has Bad/illegal charter in it's package Alisa name!
   Package Alaise  Name:-CD42(43)
   Error Postion & Char:     (  )
   Bad charter(s) have been replaced with  '_'  This MAY FIX OR, CAUSE MORE ERROR'S! Plese fix the Alias!
ERROR: package name:CD52(53)  Has Bad/illegal charter in it's package Alisa name!
   Package Alaise  Name:-CD52(53)
   Error Postion & Char:     (  )
   Bad charter(s) have been replaced with  '_'  This MAY FIX OR, CAUSE MORE ERROR'S! Plese fix the Alias!
ERROR: package name:CD73(75)  Has Bad/illegal charter in it's package Alisa name!
   Package Alaise  Name:-CD73(75)
   Error Postion & Char:     (  )
   Bad charter(s) have been replaced with  '_'  This MAY FIX OR, CAUSE MORE ERROR'S! Plese fix the Alias!
ERROR: package name:ML26-MALE(GBH-254-SMT-26)  Has Bad/illegal charter in it's package Alisa name!
   Package Alaise  Name:-(GBH-254-SMT-26)
   Error Postion & Char: (              )
   Bad charter(s) have been replaced with  '_'  This MAY FIX OR, CAUSE MORE ERROR'S! Plese fix the Alias!
ERROR: package name:F-V50X-2X13-LF  Has Bad/illegal charter in it's package Alisa name!
   Package Alaise  Name:-F-V50X-2X13-LF(FEMALE)
   Error Postion & Char:               (      )
   Bad charter(s) have been replaced with  '_'  This MAY FIX OR, CAUSE MORE ERROR'S! Plese fix the Alias!

#**** LOG Warning Start ****#
WARNING: Over lapping Pin(s) on SYMBOL:WIFI_RF
   Pin =GND_2
