
#**** LOG Errors Start ****#
ERROR: package name:OLIMEX_DISCRET_0805_0R  Has Bad/illegal charter in it's package Alisa name!
   Package Alaise  Name:(NA)
   Error Postion & Char:(  )
   Bad charter(s) have been replaced with  '_'  This MAY FIX OR, CAUSE MORE ERROR'S! Plese fix the Alias!
ERROR: package name:OLIMEX_DISCRET_0603_0R  Has Bad/illegal charter in it's package Alisa name!
   Package Alaise  Name:0R(NA)
   Error Postion & Char:  (  )
   Bad charter(s) have been replaced with  '_'  This MAY FIX OR, CAUSE MORE ERROR'S! Plese fix the Alias!
ERROR: package name:Penko_DG306-5.0_2P  Has Bad/illegal charter in it's package Alisa name!
   Package Alaise  Name:-DG306-5.0_2P(TB2-5MM)
   Error Postion & Char:             (       )
   Bad charter(s) have been replaced with  '_'  This MAY FIX OR, CAUSE MORE ERROR'S! Plese fix the Alias!
ERROR: package name:Penko_DG350-3.5_2P  Has Bad/illegal charter in it's package Alisa name!
   Package Alaise  Name:-DG350-3.5_2P(TB2-3.5MM)
   Error Postion & Char:             (         )
   Bad charter(s) have been replaced with  '_'  This MAY FIX OR, CAUSE MORE ERROR'S! Plese fix the Alias!
ERROR: package name:Penko_HN1X4(SMD)  Has Bad/illegal charter in it's package Alisa name!
   Package Alaise  Name:-HN1X4(SMD)
   Error Postion & Char:      (   )
   Bad charter(s) have been replaced with  '_'  This MAY FIX OR, CAUSE MORE ERROR'S! Plese fix the Alias!
ERROR: package name:con-harting-ml_ML10-FEMALE(IDC10S/PCB)  Has Bad/illegal charter in it's package Alisa name!
   Package Alaise  Name:ML10-FEMALE(IDC10S/PCB)
   Error Postion & Char:           (          )
   Bad charter(s) have been replaced with  '_'  This MAY FIX OR, CAUSE MORE ERROR'S! Plese fix the Alias!
ERROR: package name:gogo_SOD-123  Has Bad/illegal charter in it's package Alisa name!
   Package Alaise  Name:-1N5819(S4SOD-123)
   Error Postion & Char:       (         )
   Bad charter(s) have been replaced with  '_'  This MAY FIX OR, CAUSE MORE ERROR'S! Plese fix the Alias!
ERROR: package name:gogo_SW_TAKT3X4  Has Bad/illegal charter in it's package Alisa name!
   Package Alaise  Name:SIDE_WTCM-TR(3X4)
   Error Postion & Char:            (   )
   Bad charter(s) have been replaced with  '_'  This MAY FIX OR, CAUSE MORE ERROR'S! Plese fix the Alias!
ERROR: package name:gogo_WS-TAKT_6X3.5_SMD_NOCREAM  Has Bad/illegal charter in it's package Alisa name!
   Package Alaise  Name:T1107A(6X3,8X2,5MM)
   Error Postion & Char:      (           )
   Bad charter(s) have been replaced with  '_'  This MAY FIX OR, CAUSE MORE ERROR'S! Plese fix the Alias!

#**** LOG Warning Start ****#
WARNING: Over lapping Pin(s) on SYMBOL:USB-4_SHIELD
   Pin =6
