
#**** LOG Errors Start ****#
ERROR: package name:OLIMEX_CONNECTORS_HDMI-MC34931  Has Bad/illegal charter in it's package Alisa name!
   Package Alaise  Name:(1428259)
   Error Postion & Char:(       )
   Bad charter(s) have been replaced with  '_'  This MAY FIX OR, CAUSE MORE ERROR'S! Plese fix the Alias!
ERROR: package name:OLIMEX_DISCRET_CD42(43)  Has Bad/illegal charter in it's package Alisa name!
   Package Alaise  Name:-CD42(43)
   Error Postion & Char:     (  )
   Bad charter(s) have been replaced with  '_'  This MAY FIX OR, CAUSE MORE ERROR'S! Plese fix the Alias!
ERROR: package name:OLIMEX_DISCRET_CD52(53)  Has Bad/illegal charter in it's package Alisa name!
   Package Alaise  Name:-CD52(53)
   Error Postion & Char:     (  )
   Bad charter(s) have been replaced with  '_'  This MAY FIX OR, CAUSE MORE ERROR'S! Plese fix the Alias!
ERROR: package name:OLIMEX_DISCRET_CD73(75)  Has Bad/illegal charter in it's package Alisa name!
   Package Alaise  Name:-CD73(75)
   Error Postion & Char:     (  )
   Bad charter(s) have been replaced with  '_'  This MAY FIX OR, CAUSE MORE ERROR'S! Plese fix the Alias!
ERROR: package name:OLIMEX_DISCRET_0805_0R  Has Bad/illegal charter in it's package Alisa name!
   Package Alaise  Name:(NA)
   Error Postion & Char:(  )
   Bad charter(s) have been replaced with  '_'  This MAY FIX OR, CAUSE MORE ERROR'S! Plese fix the Alias!
ERROR: package name:OLIMEX_DISCRET_0603_0R  Has Bad/illegal charter in it's package Alisa name!
   Package Alaise  Name:0R(NA)
   Error Postion & Char:  (  )
   Bad charter(s) have been replaced with  '_'  This MAY FIX OR, CAUSE MORE ERROR'S! Plese fix the Alias!
ERROR: package name:Penko_DG306-5.0_2P  Has Bad/illegal charter in it's package Alisa name!
   Package Alaise  Name:-DG306-5.0_2P(TB2-5MM)
   Error Postion & Char:             (       )
   Bad charter(s) have been replaced with  '_'  This MAY FIX OR, CAUSE MORE ERROR'S! Plese fix the Alias!
ERROR: package name:Penko_DG350-3.5_2P  Has Bad/illegal charter in it's package Alisa name!
   Package Alaise  Name:-DG350-3.5_2P(TB2-3.5MM)
   Error Postion & Char:             (         )
   Bad charter(s) have been replaced with  '_'  This MAY FIX OR, CAUSE MORE ERROR'S! Plese fix the Alias!
ERROR: package name:Penko_HN1X2(SMD)  Has Bad/illegal charter in it's package Alisa name!
   Package Alaise  Name:HN1X2(SMD)
   Error Postion & Char:     (   )
   Bad charter(s) have been replaced with  '_'  This MAY FIX OR, CAUSE MORE ERROR'S! Plese fix the Alias!
ERROR: package name:Penko_DG306-5.0_3P  Has Bad/illegal charter in it's package Alisa name!
   Package Alaise  Name:-DG306-5.0_3P(TB3-5MM)
   Error Postion & Char:             (       )
   Bad charter(s) have been replaced with  '_'  This MAY FIX OR, CAUSE MORE ERROR'S! Plese fix the Alias!
ERROR: package name:Penko_DG350-3.5_3P  Has Bad/illegal charter in it's package Alisa name!
   Package Alaise  Name:-DG350-3.5_3P(TB3-3.5MM)
   Error Postion & Char:             (         )
   Bad charter(s) have been replaced with  '_'  This MAY FIX OR, CAUSE MORE ERROR'S! Plese fix the Alias!
ERROR: package name:Penko_HR1X3(SMD)  Has Bad/illegal charter in it's package Alisa name!
   Package Alaise  Name:HR1X3(SMD)
   Error Postion & Char:     (   )
   Bad charter(s) have been replaced with  '_'  This MAY FIX OR, CAUSE MORE ERROR'S! Plese fix the Alias!
ERROR: package name:Penko_TO220-V  Has Bad/illegal charter in it's package Alisa name!
   Package Alaise  Name:-IRFB3607PBF(TO-220AB)
   Error Postion & Char:            (        )
   Bad charter(s) have been replaced with  '_'  This MAY FIX OR, CAUSE MORE ERROR'S! Plese fix the Alias!
ERROR: package name:Penko_TO220-H  Has Bad/illegal charter in it's package Alisa name!
   Package Alaise  Name:/IRFB3607PBF(TO-220AB)
   Error Postion & Char:            (        )
   Bad charter(s) have been replaced with  '_'  This MAY FIX OR, CAUSE MORE ERROR'S! Plese fix the Alias!
ERROR: package name:Penko_TO-252(DPACK)  Has Bad/illegal charter in it's package Alisa name!
   Package Alaise  Name:/STD35NF3LLT4(DPACK)
   Error Postion & Char:             (     )
   Bad charter(s) have been replaced with  '_'  This MAY FIX OR, CAUSE MORE ERROR'S! Plese fix the Alias!
ERROR: package name:Penko_SOT23  Has Bad/illegal charter in it's package Alisa name!
   Package Alaise  Name:BSS138(SOT23-3)
   Error Postion & Char:      (       )
   Bad charter(s) have been replaced with  '_'  This MAY FIX OR, CAUSE MORE ERROR'S! Plese fix the Alias!
ERROR: package name:con-harting-ml_GPH127SMT-02X10(PA-V16X-2X10-LF)  Has Bad/illegal charter in it's package Alisa name!
   Package Alaise  Name:GPH127SMT-02X10(PA-V16X-2X10-LF)
   Error Postion & Char:               (               )
   Bad charter(s) have been replaced with  '_'  This MAY FIX OR, CAUSE MORE ERROR'S! Plese fix the Alias!
ERROR: package name:con-harting-ml_GPH127SMT-02X20(PA-V16X-2X20-LF)  Has Bad/illegal charter in it's package Alisa name!
   Package Alaise  Name:-GPH127SMT-02X20(PA-V16X-2X20-LF)
   Error Postion & Char:                (               )
   Bad charter(s) have been replaced with  '_'  This MAY FIX OR, CAUSE MORE ERROR'S! Plese fix the Alias!
ERROR: package name:con-harting-ml_F-V50X-2X20-LF(FIX)  Has Bad/illegal charter in it's package Alisa name!
   Package Alaise  Name:F-V50X-2X20-LF(FIX)
   Error Postion & Char:              (   )
   Bad charter(s) have been replaced with  '_'  This MAY FIX OR, CAUSE MORE ERROR'S! Plese fix the Alias!
ERROR: package name:con-harting-ml_ML40L_PADS_FEMALE  Has Bad/illegal charter in it's package Alisa name!
   Package Alaise  Name:ML40L_SMD_(PN2X20)
   Error Postion & Char:          (      )
   Bad charter(s) have been replaced with  '_'  This MAY FIX OR, CAUSE MORE ERROR'S! Plese fix the Alias!
ERROR: package name:gogo_SOD-123  Has Bad/illegal charter in it's package Alisa name!
   Package Alaise  Name:-1N5819(S4SOD-123)
   Error Postion & Char:       (         )
   Bad charter(s) have been replaced with  '_'  This MAY FIX OR, CAUSE MORE ERROR'S! Plese fix the Alias!
ERROR: package name:gogo_TL1100CF160Q(6JBLK)  Has Bad/illegal charter in it's package Alisa name!
   Package Alaise  Name:-TL1100CF160Q(6JBKL)
   Error Postion & Char:             (     )
   Bad charter(s) have been replaced with  '_'  This MAY FIX OR, CAUSE MORE ERROR'S! Plese fix the Alias!
ERROR: package name:gogo_SW_TAKT3X4  Has Bad/illegal charter in it's package Alisa name!
   Package Alaise  Name:SIDE_WTCM-TR(3X4)
   Error Postion & Char:            (   )
   Bad charter(s) have been replaced with  '_'  This MAY FIX OR, CAUSE MORE ERROR'S! Plese fix the Alias!
ERROR: package name:gogo_WS-TAKT_6X3.5_SMD_NOCREAM  Has Bad/illegal charter in it's package Alisa name!
   Package Alaise  Name:T1107A(6X3,8X2,5MM)
   Error Postion & Char:      (           )
   Bad charter(s) have been replaced with  '_'  This MAY FIX OR, CAUSE MORE ERROR'S! Plese fix the Alias!

#**** LOG Warning Start ****#
WARNING: Over lapping Pin(s) on SYMBOL:MICRO_SD/MMC_CP_NEW
   Pin =PACK2
   Pin =PACK3
   Pin =PACK4
WARNING: Over lapping Pin(s) on SYMBOL:USB-4_SHIELD
   Pin =6
WARNING: Over lapping Pin(s) on SYMBOL:AXP209
   Pin =GND_PAD@1
   Pin =GND_PAD@2
   Pin =GND_PAD@3
   Pin =GND_PAD@4
   Pin =GND_PAD@5
   Pin =GND_PAD@6
   Pin =GND_PAD@7
   Pin =GND_PAD@8
   Pin =GND_PAD@9
   Pin =GND_PAD@10
   Pin =GND_PAD@11
   Pin =GND_PAD@12
   Pin =GND_PAD@13
   Pin =GND_PAD@14
   Pin =GND_PAD@15
   Pin =GND_PAD@16
   Pin =GND_PAD@17
